0 info it worked if it ends with ok
1 verbose cli [ '/usr/local/bin/node', '/usr/local/bin/npm', 'publish' ]
2 info using npm@4.0.2
3 info using node@v6.9.1
4 verbose publish [ '.' ]
5 silly cache add args [ '.', null ]
6 verbose cache add spec .
7 silly cache add parsed spec Result {
7 silly cache add   raw: '.',
7 silly cache add   scope: null,
7 silly cache add   escapedName: null,
7 silly cache add   name: null,
7 silly cache add   rawSpec: '.',
7 silly cache add   spec: '/Users/jay/Sites/www/markitup',
7 silly cache add   type: 'directory' }
8 verbose addLocalDirectory /Users/jay/.npm/markitup/3.0.0-0/package.tgz not in flight; packing
9 verbose correctMkdir /Users/jay/.npm correctMkdir not in flight; initializing
10 info lifecycle markitup@3.0.0-0~prepublish: markitup@3.0.0-0
11 silly lifecycle markitup@3.0.0-0~prepublish: no script for prepublish, continuing
12 info lifecycle markitup@3.0.0-0~prepare: markitup@3.0.0-0
13 silly lifecycle markitup@3.0.0-0~prepare: no script for prepare, continuing
14 verbose tar pack [ '/Users/jay/.npm/markitup/3.0.0-0/package.tgz',
14 verbose tar pack   '/Users/jay/Sites/www/markitup' ]
15 verbose tarball /Users/jay/.npm/markitup/3.0.0-0/package.tgz
16 verbose folder /Users/jay/Sites/www/markitup
17 verbose stack TypeError: Path must be a string. Received [ 'dist/markitup.min.js', 'dist/markitup.min.css' ]
17 verbose stack     at assertPath (path.js:7:11)
17 verbose stack     at Object.resolve (path.js:1146:7)
17 verbose stack     at InstancePacker.BundledPacker.applyIgnores (/usr/local/lib/node_modules/npm/lib/utils/tar.js:89:59)
17 verbose stack     at InstancePacker.<anonymous> (/usr/local/lib/node_modules/npm/node_modules/fstream-npm/node_modules/fstream-ignore/ignore.js:181:17)
17 verbose stack     at Array.filter (native)
17 verbose stack     at InstancePacker.IgnoreReader.filterEntries (/usr/local/lib/node_modules/npm/node_modules/fstream-npm/node_modules/fstream-ignore/ignore.js:179:31)
17 verbose stack     at InstancePacker.<anonymous> (/usr/local/lib/node_modules/npm/node_modules/fstream-npm/node_modules/fstream-ignore/ignore.js:92:12)
17 verbose stack     at InstancePacker.<anonymous> (/usr/local/lib/node_modules/npm/node_modules/fstream-npm/node_modules/fstream-ignore/ignore.js:134:5)
17 verbose stack     at /usr/local/lib/node_modules/npm/node_modules/graceful-fs/graceful-fs.js:78:16
17 verbose stack     at FSReqWrap.readFileAfterClose [as oncomplete] (fs.js:445:3)
18 verbose cwd /Users/jay/Sites/www/markitup
19 error Darwin 16.1.0
20 error argv "/usr/local/bin/node" "/usr/local/bin/npm" "publish"
21 error node v6.9.1
22 error npm  v4.0.2
23 error Path must be a string. Received [ 'dist/markitup.min.js', 'dist/markitup.min.css' ]
24 error If you need help, you may report this error at:
24 error     <https://github.com/npm/npm/issues>
25 verbose exit [ 1, true ]
